0 info it worked if it ends with ok
1 verbose cli [ '/usr/bin/nodejs', '/usr/bin/npm', 'run', 'start' ]
2 info using npm@3.5.2
3 info using node@v4.7.2
4 verbose run-script [ 'prestart', 'start', 'poststart' ]
5 info lifecycle lookup-server@0.0.1~prestart: lookup-server@0.0.1
6 silly lifecycle lookup-server@0.0.1~prestart: no script for prestart, continuing
7 info lifecycle lookup-server@0.0.1~start: lookup-server@0.0.1
8 verbose lifecycle lookup-server@0.0.1~start: unsafe-perm in lifecycle true
9 verbose lifecycle lookup-server@0.0.1~start: PATH: /usr/share/npm/bin/node-gyp-bin:/home/osboxes/code/TKD/node_modules/.bin:/home/osboxes/bin:/home/osboxes/.local/bin:/usr/local/sbin:/usr/local/bin:/usr/sbin:/usr/bin:/sbin:/bin:/usr/games:/usr/local/games:/snap/bin
10 verbose lifecycle lookup-server@0.0.1~start: CWD: /home/osboxes/code/TKD
11 silly lifecycle lookup-server@0.0.1~start: Args: [ '-c', 'concurrently "npm run server" "npm run client"' ]
12 silly lifecycle lookup-server@0.0.1~start: Returned: code: 1  signal: null
13 info lifecycle lookup-server@0.0.1~start: Failed to exec start script
14 verbose stack Error: lookup-server@0.0.1 start: `concurrently "npm run server" "npm run client"`
14 verbose stack Exit status 1
14 verbose stack     at EventEmitter.<anonymous> (/usr/share/npm/lib/utils/lifecycle.js:232:16)
14 verbose stack     at emitTwo (events.js:87:13)
14 verbose stack     at EventEmitter.emit (events.js:172:7)
14 verbose stack     at ChildProcess.<anonymous> (/usr/share/npm/lib/utils/spawn.js:24:14)
14 verbose stack     at emitTwo (events.js:87:13)
14 verbose stack     at ChildProcess.emit (events.js:172:7)
14 verbose stack     at maybeClose (internal/child_process.js:854:16)
14 verbose stack     at Process.ChildProcess._handle.onexit (internal/child_process.js:222:5)
15 verbose pkgid lookup-server@0.0.1
16 verbose cwd /home/osboxes/code/TKD
17 error Linux 4.10.0-32-generic
18 error argv "/usr/bin/nodejs" "/usr/bin/npm" "run" "start"
19 error node v4.7.2
20 error npm  v3.5.2
21 error code ELIFECYCLE
22 error lookup-server@0.0.1 start: `concurrently "npm run server" "npm run client"`
22 error Exit status 1
23 error Failed at the lookup-server@0.0.1 start script 'concurrently "npm run server" "npm run client"'.
23 error Make sure you have the latest version of node.js and npm installed.
23 error If you do, this is most likely a problem with the lookup-server package,
23 error not with npm itself.
23 error Tell the author that this fails on your system:
23 error     concurrently "npm run server" "npm run client"
23 error You can get information on how to open an issue for this project with:
23 error     npm bugs lookup-server
23 error Or if that isn't available, you can get their info via:
23 error     npm owner ls lookup-server
23 error There is likely additional logging output above.
24 verbose exit [ 1, true ]
